ARM GAS  C:\Users\ZHOUZH~1\AppData\Local\Temp\ccuEoNTO.s 			page 1


   1              		.cpu cortex-m4
   2              		.eabi_attribute 27, 1
   3              		.eabi_attribute 28, 1
   4              		.eabi_attribute 20, 1
   5              		.eabi_attribute 21, 1
   6              		.eabi_attribute 23, 3
   7              		.eabi_attribute 24, 1
   8              		.eabi_attribute 25, 1
   9              		.eabi_attribute 26, 1
  10              		.eabi_attribute 30, 1
  11              		.eabi_attribute 34, 1
  12              		.eabi_attribute 18, 4
  13              		.file	"freertos.c"
  14              		.section	.rodata.str1.4,"aMS",%progbits,1
  15              		.align	2
  16              	.LC0:
  17 0000 64656661 		.ascii	"defaultTask\000"
  17      756C7454 
  17      61736B00 
  18              		.text
  19              	.Ltext0:
  20              		.cfi_sections	.debug_frame
  21              		.section	.text.StartDefaultTask,"ax",%progbits
  22              		.align	1
  23              		.global	StartDefaultTask
  24              		.arch armv7e-m
  25              		.syntax unified
  26              		.thumb
  27              		.thumb_func
  28              		.fpu fpv4-sp-d16
  30              	StartDefaultTask:
  31              	.LFB137:
  32              		.file 1 "Core/Src/freertos.c"
   1:Core/Src/freertos.c **** /* USER CODE BEGIN Header */
   2:Core/Src/freertos.c **** /**
   3:Core/Src/freertos.c ****   ******************************************************************************
   4:Core/Src/freertos.c ****   * File Name          : freertos.c
   5:Core/Src/freertos.c ****   * Description        : Code for freertos applications
   6:Core/Src/freertos.c ****   ******************************************************************************
   7:Core/Src/freertos.c ****   * @attention
   8:Core/Src/freertos.c ****   *
   9:Core/Src/freertos.c ****   * <h2><center>&copy; Copyright (c) 2021 STMicroelectronics.
  10:Core/Src/freertos.c ****   * All rights reserved.</center></h2>
  11:Core/Src/freertos.c ****   *
  12:Core/Src/freertos.c ****   * This software component is licensed by ST under Ultimate Liberty license
  13:Core/Src/freertos.c ****   * SLA0044, the "License"; You may not use this file except in compliance with
  14:Core/Src/freertos.c ****   * the License. You may obtain a copy of the License at:
  15:Core/Src/freertos.c ****   *                             www.st.com/SLA0044
  16:Core/Src/freertos.c ****   *
  17:Core/Src/freertos.c ****   ******************************************************************************
  18:Core/Src/freertos.c ****   */
  19:Core/Src/freertos.c **** /* USER CODE END Header */
  20:Core/Src/freertos.c **** 
  21:Core/Src/freertos.c **** /* Includes ------------------------------------------------------------------*/
  22:Core/Src/freertos.c **** #include "FreeRTOS.h"
  23:Core/Src/freertos.c **** #include "task.h"
  24:Core/Src/freertos.c **** #include "main.h"
ARM GAS  C:\Users\ZHOUZH~1\AppData\Local\Temp\ccuEoNTO.s 			page 2


  25:Core/Src/freertos.c **** #include "cmsis_os.h"
  26:Core/Src/freertos.c **** 
  27:Core/Src/freertos.c **** /* Private includes ----------------------------------------------------------*/
  28:Core/Src/freertos.c **** /* USER CODE BEGIN Includes */
  29:Core/Src/freertos.c **** 
  30:Core/Src/freertos.c **** /* USER CODE END Includes */
  31:Core/Src/freertos.c **** 
  32:Core/Src/freertos.c **** /* Private typedef -----------------------------------------------------------*/
  33:Core/Src/freertos.c **** /* USER CODE BEGIN PTD */
  34:Core/Src/freertos.c **** 
  35:Core/Src/freertos.c **** /* USER CODE END PTD */
  36:Core/Src/freertos.c **** 
  37:Core/Src/freertos.c **** /* Private define ------------------------------------------------------------*/
  38:Core/Src/freertos.c **** /* USER CODE BEGIN PD */
  39:Core/Src/freertos.c **** 
  40:Core/Src/freertos.c **** /* USER CODE END PD */
  41:Core/Src/freertos.c **** 
  42:Core/Src/freertos.c **** /* Private macro -------------------------------------------------------------*/
  43:Core/Src/freertos.c **** /* USER CODE BEGIN PM */
  44:Core/Src/freertos.c **** 
  45:Core/Src/freertos.c **** /* USER CODE END PM */
  46:Core/Src/freertos.c **** 
  47:Core/Src/freertos.c **** /* Private variables ---------------------------------------------------------*/
  48:Core/Src/freertos.c **** /* USER CODE BEGIN Variables */
  49:Core/Src/freertos.c **** 
  50:Core/Src/freertos.c **** /* USER CODE END Variables */
  51:Core/Src/freertos.c **** osThreadId defaultTaskHandle;
  52:Core/Src/freertos.c **** 
  53:Core/Src/freertos.c **** /* Private function prototypes -----------------------------------------------*/
  54:Core/Src/freertos.c **** /* USER CODE BEGIN FunctionPrototypes */
  55:Core/Src/freertos.c **** 
  56:Core/Src/freertos.c **** /* USER CODE END FunctionPrototypes */
  57:Core/Src/freertos.c **** 
  58:Core/Src/freertos.c **** void StartDefaultTask(void const * argument);
  59:Core/Src/freertos.c **** 
  60:Core/Src/freertos.c **** void MX_FREERTOS_Init(void); /* (MISRA C 2004 rule 8.1) */
  61:Core/Src/freertos.c **** 
  62:Core/Src/freertos.c **** /* GetIdleTaskMemory prototype (linked to static allocation support) */
  63:Core/Src/freertos.c **** void vApplicationGetIdleTaskMemory( StaticTask_t **ppxIdleTaskTCBBuffer, StackType_t **ppxIdleTaskS
  64:Core/Src/freertos.c **** 
  65:Core/Src/freertos.c **** /* USER CODE BEGIN GET_IDLE_TASK_MEMORY */
  66:Core/Src/freertos.c **** static StaticTask_t xIdleTaskTCBBuffer;
  67:Core/Src/freertos.c **** static StackType_t xIdleStack[configMINIMAL_STACK_SIZE];
  68:Core/Src/freertos.c **** 
  69:Core/Src/freertos.c **** void vApplicationGetIdleTaskMemory( StaticTask_t **ppxIdleTaskTCBBuffer, StackType_t **ppxIdleTaskS
  70:Core/Src/freertos.c **** {
  71:Core/Src/freertos.c ****   *ppxIdleTaskTCBBuffer = &xIdleTaskTCBBuffer;
  72:Core/Src/freertos.c ****   *ppxIdleTaskStackBuffer = &xIdleStack[0];
  73:Core/Src/freertos.c ****   *pulIdleTaskStackSize = configMINIMAL_STACK_SIZE;
  74:Core/Src/freertos.c ****   /* place for user code */
  75:Core/Src/freertos.c **** }
  76:Core/Src/freertos.c **** /* USER CODE END GET_IDLE_TASK_MEMORY */
  77:Core/Src/freertos.c **** 
  78:Core/Src/freertos.c **** /**
  79:Core/Src/freertos.c ****   * @brief  FreeRTOS initialization
  80:Core/Src/freertos.c ****   * @param  None
  81:Core/Src/freertos.c ****   * @retval None
ARM GAS  C:\Users\ZHOUZH~1\AppData\Local\Temp\ccuEoNTO.s 			page 3


  82:Core/Src/freertos.c ****   */
  83:Core/Src/freertos.c **** void MX_FREERTOS_Init(void) {
  84:Core/Src/freertos.c ****   /* USER CODE BEGIN Init */
  85:Core/Src/freertos.c **** 
  86:Core/Src/freertos.c ****   /* USER CODE END Init */
  87:Core/Src/freertos.c **** 
  88:Core/Src/freertos.c ****   /* USER CODE BEGIN RTOS_MUTEX */
  89:Core/Src/freertos.c ****   /* add mutexes, ... */
  90:Core/Src/freertos.c ****   /* USER CODE END RTOS_MUTEX */
  91:Core/Src/freertos.c **** 
  92:Core/Src/freertos.c ****   /* USER CODE BEGIN RTOS_SEMAPHORES */
  93:Core/Src/freertos.c ****   /* add semaphores, ... */
  94:Core/Src/freertos.c ****   /* USER CODE END RTOS_SEMAPHORES */
  95:Core/Src/freertos.c **** 
  96:Core/Src/freertos.c ****   /* USER CODE BEGIN RTOS_TIMERS */
  97:Core/Src/freertos.c ****   /* start timers, add new ones, ... */
  98:Core/Src/freertos.c ****   /* USER CODE END RTOS_TIMERS */
  99:Core/Src/freertos.c **** 
 100:Core/Src/freertos.c ****   /* USER CODE BEGIN RTOS_QUEUES */
 101:Core/Src/freertos.c ****   /* add queues, ... */
 102:Core/Src/freertos.c ****   /* USER CODE END RTOS_QUEUES */
 103:Core/Src/freertos.c **** 
 104:Core/Src/freertos.c ****   /* Create the thread(s) */
 105:Core/Src/freertos.c ****   /* definition and creation of defaultTask */
 106:Core/Src/freertos.c ****   osThreadDef(defaultTask, StartDefaultTask, osPriorityNormal, 0, 128);
 107:Core/Src/freertos.c ****   defaultTaskHandle = osThreadCreate(osThread(defaultTask), NULL);
 108:Core/Src/freertos.c **** 
 109:Core/Src/freertos.c ****   /* USER CODE BEGIN RTOS_THREADS */
 110:Core/Src/freertos.c ****   /* add threads, ... */
 111:Core/Src/freertos.c ****   /* USER CODE END RTOS_THREADS */
 112:Core/Src/freertos.c **** 
 113:Core/Src/freertos.c **** }
 114:Core/Src/freertos.c **** 
 115:Core/Src/freertos.c **** /* USER CODE BEGIN Header_StartDefaultTask */
 116:Core/Src/freertos.c **** /**
 117:Core/Src/freertos.c ****   * @brief  Function implementing the defaultTask thread.
 118:Core/Src/freertos.c ****   * @param  argument: Not used
 119:Core/Src/freertos.c ****   * @retval None
 120:Core/Src/freertos.c ****   */
 121:Core/Src/freertos.c **** /* USER CODE END Header_StartDefaultTask */
 122:Core/Src/freertos.c **** void StartDefaultTask(void const * argument)
 123:Core/Src/freertos.c **** {
  33              		.loc 1 123 1 view -0
  34              		.cfi_startproc
  35              		@ Volatile: function does not return.
  36              		@ args = 0, pretend = 0, frame = 0
  37              		@ frame_needed = 0, uses_anonymous_args = 0
  38              	.LVL0:
  39              		.loc 1 123 1 is_stmt 0 view .LVU1
  40 0000 08B5     		push	{r3, lr}
  41              	.LCFI0:
  42              		.cfi_def_cfa_offset 8
  43              		.cfi_offset 3, -8
  44              		.cfi_offset 14, -4
  45              	.LVL1:
  46              	.L2:
 124:Core/Src/freertos.c ****   /* USER CODE BEGIN StartDefaultTask */
ARM GAS  C:\Users\ZHOUZH~1\AppData\Local\Temp\ccuEoNTO.s 			page 4


 125:Core/Src/freertos.c ****   /* Infinite loop */
 126:Core/Src/freertos.c ****   for(;;)
  47              		.loc 1 126 3 is_stmt 1 discriminator 1 view .LVU2
 127:Core/Src/freertos.c ****   {
 128:Core/Src/freertos.c ****     HAL_GPIO_TogglePin(GPIOE,GPIO_PIN_9);
  48              		.loc 1 128 5 discriminator 1 view .LVU3
  49 0002 4FF40071 		mov	r1, #512
  50 0006 0448     		ldr	r0, .L4
  51 0008 FFF7FEFF 		bl	HAL_GPIO_TogglePin
  52              	.LVL2:
 129:Core/Src/freertos.c **** 		// vTaskDelay(30);
 130:Core/Src/freertos.c ****     osDelay(1000);
  53              		.loc 1 130 5 discriminator 1 view .LVU4
  54 000c 4FF47A70 		mov	r0, #1000
  55 0010 FFF7FEFF 		bl	osDelay
  56              	.LVL3:
 126:Core/Src/freertos.c ****   {
  57              		.loc 1 126 8 discriminator 1 view .LVU5
  58 0014 F5E7     		b	.L2
  59              	.L5:
  60 0016 00BF     		.align	2
  61              	.L4:
  62 0018 00100240 		.word	1073876992
  63              		.cfi_endproc
  64              	.LFE137:
  66              		.section	.text.vApplicationGetIdleTaskMemory,"ax",%progbits
  67              		.align	1
  68              		.global	vApplicationGetIdleTaskMemory
  69              		.syntax unified
  70              		.thumb
  71              		.thumb_func
  72              		.fpu fpv4-sp-d16
  74              	vApplicationGetIdleTaskMemory:
  75              	.LVL4:
  76              	.LFB135:
  70:Core/Src/freertos.c ****   *ppxIdleTaskTCBBuffer = &xIdleTaskTCBBuffer;
  77              		.loc 1 70 1 view -0
  78              		.cfi_startproc
  79              		@ args = 0, pretend = 0, frame = 0
  80              		@ frame_needed = 0, uses_anonymous_args = 0
  81              		@ link register save eliminated.
  71:Core/Src/freertos.c ****   *ppxIdleTaskStackBuffer = &xIdleStack[0];
  82              		.loc 1 71 3 view .LVU7
  71:Core/Src/freertos.c ****   *ppxIdleTaskStackBuffer = &xIdleStack[0];
  83              		.loc 1 71 25 is_stmt 0 view .LVU8
  84 0000 034B     		ldr	r3, .L7
  85 0002 0360     		str	r3, [r0]
  72:Core/Src/freertos.c ****   *pulIdleTaskStackSize = configMINIMAL_STACK_SIZE;
  86              		.loc 1 72 3 is_stmt 1 view .LVU9
  72:Core/Src/freertos.c ****   *pulIdleTaskStackSize = configMINIMAL_STACK_SIZE;
  87              		.loc 1 72 27 is_stmt 0 view .LVU10
  88 0004 034B     		ldr	r3, .L7+4
  89 0006 0B60     		str	r3, [r1]
  73:Core/Src/freertos.c ****   /* place for user code */
  90              		.loc 1 73 3 is_stmt 1 view .LVU11
  73:Core/Src/freertos.c ****   /* place for user code */
  91              		.loc 1 73 25 is_stmt 0 view .LVU12
ARM GAS  C:\Users\ZHOUZH~1\AppData\Local\Temp\ccuEoNTO.s 			page 5


  92 0008 8023     		movs	r3, #128
  93 000a 1360     		str	r3, [r2]
  75:Core/Src/freertos.c **** /* USER CODE END GET_IDLE_TASK_MEMORY */
  94              		.loc 1 75 1 view .LVU13
  95 000c 7047     		bx	lr
  96              	.L8:
  97 000e 00BF     		.align	2
  98              	.L7:
  99 0010 00000000 		.word	.LANCHOR0
 100 0014 00000000 		.word	.LANCHOR1
 101              		.cfi_endproc
 102              	.LFE135:
 104              		.section	.text.MX_FREERTOS_Init,"ax",%progbits
 105              		.align	1
 106              		.global	MX_FREERTOS_Init
 107              		.syntax unified
 108              		.thumb
 109              		.thumb_func
 110              		.fpu fpv4-sp-d16
 112              	MX_FREERTOS_Init:
 113              	.LFB136:
  83:Core/Src/freertos.c ****   /* USER CODE BEGIN Init */
 114              		.loc 1 83 29 is_stmt 1 view -0
 115              		.cfi_startproc
 116              		@ args = 0, pretend = 0, frame = 32
 117              		@ frame_needed = 0, uses_anonymous_args = 0
 118 0000 30B5     		push	{r4, r5, lr}
 119              	.LCFI1:
 120              		.cfi_def_cfa_offset 12
 121              		.cfi_offset 4, -12
 122              		.cfi_offset 5, -8
 123              		.cfi_offset 14, -4
 124 0002 89B0     		sub	sp, sp, #36
 125              	.LCFI2:
 126              		.cfi_def_cfa_offset 48
 106:Core/Src/freertos.c ****   defaultTaskHandle = osThreadCreate(osThread(defaultTask), NULL);
 127              		.loc 1 106 3 view .LVU15
 128 0004 01AC     		add	r4, sp, #4
 129 0006 074D     		ldr	r5, .L11
 130 0008 0FCD     		ldmia	r5!, {r0, r1, r2, r3}
 131 000a 0FC4     		stmia	r4!, {r0, r1, r2, r3}
 132 000c 95E80700 		ldm	r5, {r0, r1, r2}
 133 0010 84E80700 		stm	r4, {r0, r1, r2}
 107:Core/Src/freertos.c **** 
 134              		.loc 1 107 3 view .LVU16
 107:Core/Src/freertos.c **** 
 135              		.loc 1 107 23 is_stmt 0 view .LVU17
 136 0014 0021     		movs	r1, #0
 137 0016 01A8     		add	r0, sp, #4
 138 0018 FFF7FEFF 		bl	osThreadCreate
 139              	.LVL5:
 107:Core/Src/freertos.c **** 
 140              		.loc 1 107 21 view .LVU18
 141 001c 024B     		ldr	r3, .L11+4
 142 001e 1860     		str	r0, [r3]
 113:Core/Src/freertos.c **** 
 143              		.loc 1 113 1 view .LVU19
ARM GAS  C:\Users\ZHOUZH~1\AppData\Local\Temp\ccuEoNTO.s 			page 6


 144 0020 09B0     		add	sp, sp, #36
 145              	.LCFI3:
 146              		.cfi_def_cfa_offset 12
 147              		@ sp needed
 148 0022 30BD     		pop	{r4, r5, pc}
 149              	.L12:
 150              		.align	2
 151              	.L11:
 152 0024 00000000 		.word	.LANCHOR2
 153 0028 00000000 		.word	defaultTaskHandle
 154              		.cfi_endproc
 155              	.LFE136:
 157              		.comm	defaultTaskHandle,4,4
 158              		.section	.rodata
 159              		.align	2
 160              		.set	.LANCHOR2,. + 0
 161              	.LC2:
 162 0000 00000000 		.word	.LC0
 163 0004 00000000 		.word	StartDefaultTask
 164 0008 0000     		.short	0
 165 000a 0000     		.space	2
 166 000c 00000000 		.word	0
 167 0010 80000000 		.word	128
 168 0014 00000000 		.word	0
 169 0018 00000000 		.word	0
 170              		.section	.bss.xIdleStack,"aw",%nobits
 171              		.align	2
 172              		.set	.LANCHOR1,. + 0
 175              	xIdleStack:
 176 0000 00000000 		.space	512
 176      00000000 
 176      00000000 
 176      00000000 
 176      00000000 
 177              		.section	.bss.xIdleTaskTCBBuffer,"aw",%nobits
 178              		.align	2
 179              		.set	.LANCHOR0,. + 0
 182              	xIdleTaskTCBBuffer:
 183 0000 00000000 		.space	84
 183      00000000 
 183      00000000 
 183      00000000 
 183      00000000 
 184              		.text
 185              	.Letext0:
 186              		.file 2 "c:\\users\\zhouzhanhong\\.iotlink\\tools\\gcc-arm-none-eabi\\arm-none-eabi\\include\\mach
 187              		.file 3 "c:\\users\\zhouzhanhong\\.iotlink\\tools\\gcc-arm-none-eabi\\arm-none-eabi\\include\\sys\
 188              		.file 4 "Middlewares/Third_Party/FreeRTOS/Source/portable/GCC/ARM_CM4F/portmacro.h"
 189              		.file 5 "Middlewares/Third_Party/FreeRTOS/Source/include/FreeRTOS.h"
 190              		.file 6 "Middlewares/Third_Party/FreeRTOS/Source/include/task.h"
 191              		.file 7 "Core/Inc/FreeRTOSConfig.h"
 192              		.file 8 "Drivers/CMSIS/Include/core_cm4.h"
 193              		.file 9 "Drivers/CMSIS/Device/ST/STM32F4xx/Include/system_stm32f4xx.h"
 194              		.file 10 "Drivers/CMSIS/Device/ST/STM32F4xx/Include/stm32f427xx.h"
 195              		.file 11 "Drivers/STM32F4xx_HAL_Driver/Inc/stm32f4xx_hal.h"
 196              		.file 12 "Middlewares/Third_Party/FreeRTOS/Source/CMSIS_RTOS/cmsis_os.h"
 197              		.file 13 "Drivers/STM32F4xx_HAL_Driver/Inc/stm32f4xx_hal_gpio.h"
ARM GAS  C:\Users\ZHOUZH~1\AppData\Local\Temp\ccuEoNTO.s 			page 7


ARM GAS  C:\Users\ZHOUZH~1\AppData\Local\Temp\ccuEoNTO.s 			page 8


DEFINED SYMBOLS
                            *ABS*:00000000 freertos.c
C:\Users\ZHOUZH~1\AppData\Local\Temp\ccuEoNTO.s:15     .rodata.str1.4:00000000 $d
C:\Users\ZHOUZH~1\AppData\Local\Temp\ccuEoNTO.s:22     .text.StartDefaultTask:00000000 $t
C:\Users\ZHOUZH~1\AppData\Local\Temp\ccuEoNTO.s:30     .text.StartDefaultTask:00000000 StartDefaultTask
C:\Users\ZHOUZH~1\AppData\Local\Temp\ccuEoNTO.s:62     .text.StartDefaultTask:00000018 $d
C:\Users\ZHOUZH~1\AppData\Local\Temp\ccuEoNTO.s:67     .text.vApplicationGetIdleTaskMemory:00000000 $t
C:\Users\ZHOUZH~1\AppData\Local\Temp\ccuEoNTO.s:74     .text.vApplicationGetIdleTaskMemory:00000000 vApplicationGetIdleTaskMemory
C:\Users\ZHOUZH~1\AppData\Local\Temp\ccuEoNTO.s:99     .text.vApplicationGetIdleTaskMemory:00000010 $d
C:\Users\ZHOUZH~1\AppData\Local\Temp\ccuEoNTO.s:105    .text.MX_FREERTOS_Init:00000000 $t
C:\Users\ZHOUZH~1\AppData\Local\Temp\ccuEoNTO.s:112    .text.MX_FREERTOS_Init:00000000 MX_FREERTOS_Init
C:\Users\ZHOUZH~1\AppData\Local\Temp\ccuEoNTO.s:152    .text.MX_FREERTOS_Init:00000024 $d
                            *COM*:00000004 defaultTaskHandle
C:\Users\ZHOUZH~1\AppData\Local\Temp\ccuEoNTO.s:159    .rodata:00000000 $d
C:\Users\ZHOUZH~1\AppData\Local\Temp\ccuEoNTO.s:171    .bss.xIdleStack:00000000 $d
C:\Users\ZHOUZH~1\AppData\Local\Temp\ccuEoNTO.s:175    .bss.xIdleStack:00000000 xIdleStack
C:\Users\ZHOUZH~1\AppData\Local\Temp\ccuEoNTO.s:178    .bss.xIdleTaskTCBBuffer:00000000 $d
C:\Users\ZHOUZH~1\AppData\Local\Temp\ccuEoNTO.s:182    .bss.xIdleTaskTCBBuffer:00000000 xIdleTaskTCBBuffer

UNDEFINED SYMBOLS
HAL_GPIO_TogglePin
osDelay
osThreadCreate
