ARM GAS  C:\Users\ZHOUZH~1\AppData\Local\Temp\ccibQuOD.s 			page 1


   1              		.cpu cortex-m4
   2              		.eabi_attribute 27, 1
   3              		.eabi_attribute 28, 1
   4              		.eabi_attribute 20, 1
   5              		.eabi_attribute 21, 1
   6              		.eabi_attribute 23, 3
   7              		.eabi_attribute 24, 1
   8              		.eabi_attribute 25, 1
   9              		.eabi_attribute 26, 1
  10              		.eabi_attribute 30, 1
  11              		.eabi_attribute 34, 1
  12              		.eabi_attribute 18, 4
  13              		.file	"timers.c"
  14              		.text
  15              	.Ltext0:
  16              		.cfi_sections	.debug_frame
  17              	.Letext0:
  18              		.file 1 "c:\\users\\zhouzhanhong\\.iotlink\\tools\\gcc-arm-none-eabi\\arm-none-eabi\\include\\mach
  19              		.file 2 "c:\\users\\zhouzhanhong\\.iotlink\\tools\\gcc-arm-none-eabi\\arm-none-eabi\\include\\sys\
  20              		.file 3 "c:\\users\\zhouzhanhong\\.iotlink\\tools\\gcc-arm-none-eabi\\arm-none-eabi\\include\\sys\
  21              		.file 4 "c:\\users\\zhouzhanhong\\.iotlink\\tools\\gcc-arm-none-eabi\\lib\\gcc\\arm-none-eabi\\9.2
  22              		.file 5 "c:\\users\\zhouzhanhong\\.iotlink\\tools\\gcc-arm-none-eabi\\arm-none-eabi\\include\\sys\
  23              		.file 6 "c:\\users\\zhouzhanhong\\.iotlink\\tools\\gcc-arm-none-eabi\\arm-none-eabi\\include\\stdl
  24              		.file 7 "c:\\users\\zhouzhanhong\\.iotlink\\tools\\gcc-arm-none-eabi\\arm-none-eabi\\include\\sys\
  25              		.file 8 "Core/Inc/FreeRTOSConfig.h"
ARM GAS  C:\Users\ZHOUZH~1\AppData\Local\Temp\ccibQuOD.s 			page 2


DEFINED SYMBOLS
                            *ABS*:00000000 timers.c

NO UNDEFINED SYMBOLS
